<?xml version="1.0" encoding="UTF-8"?>
<!-- Generated by org.testng.reporters.JUnitXMLReporter -->
<testsuite ignored="0" hostname="TrainerSupport" failures="2" tests="2" name="Default test" time="20.592" errors="0" timestamp="02 Jan 2023 03:43:48 GMT">
  <testcase classname="io.cucumber.testng.AbstractTestNGCucumberTests" name="runScenario" time="19.081">
    <failure type="java.lang.AssertionError" message="expected [Brocolli] but found [No data]">
      <![CDATA[java.lang.AssertionError: expected [Brocolli] but found [No data]
at org.testng.Assert.fail(Assert.java:96)
at org.testng.Assert.failNotEquals(Assert.java:776)
at org.testng.Assert.assertEqualsImpl(Assert.java:137)
at org.testng.Assert.assertEquals(Assert.java:118)
at org.testng.Assert.assertEquals(Assert.java:453)
at org.testng.Assert.assertEquals(Assert.java:463)
at stepDefinitions.OfferPageStepDefinition.validate_product_name_in_offers_page_matches_with_landing_page(OfferPageStepDefinition.java:62)
at ✽.Validate product name in offers page matches with landing page(file:///E:/Avinash/Udemy/Screenshot/Udemy%20-%20Cucumber/Projects/Ahmed/RahulShetty_CodeForReview/Cucumber_CodeRerview_RahulShetty/CucumberFramework/src/test/java/features/searchProduct.feature:20)
]]>
    </failure>
  </testcase> <!-- runScenario -->
  <testcase classname="io.cucumber.testng.AbstractTestNGCucumberTests" name="runScenario" time="19.206">
    <failure type="java.lang.AssertionError" message="expected [Brocolli] but found [Carrot]">
      <![CDATA[java.lang.AssertionError: expected [Brocolli] but found [Carrot]
at org.testng.Assert.fail(Assert.java:96)
at org.testng.Assert.failNotEquals(Assert.java:776)
at org.testng.Assert.assertEqualsImpl(Assert.java:137)
at org.testng.Assert.assertEquals(Assert.java:118)
at org.testng.Assert.assertEquals(Assert.java:453)
at org.testng.Assert.assertEquals(Assert.java:463)
at stepDefinitions.OfferPageStepDefinition.validate_product_name_in_offers_page_matches_with_landing_page(OfferPageStepDefinition.java:62)
at ✽.Validate product name in offers page matches with landing page(file:///E:/Avinash/Udemy/Screenshot/Udemy%20-%20Cucumber/Projects/Ahmed/RahulShetty_CodeForReview/Cucumber_CodeRerview_RahulShetty/CucumberFramework/src/test/java/features/searchProduct.feature:20)
]]>
    </failure>
  </testcase> <!-- runScenario -->
</testsuite> <!-- Default test -->
